d:\projects\frameworkcollider\framework\x64\debug\vc143.pdb
d:\projects\frameworkcollider\framework\x64\debug\vc143.idb
d:\projects\frameworkcollider\framework\x64\debug\king.obj
d:\projects\frameworkcollider\framework\x64\debug\key.obj
d:\projects\frameworkcollider\framework\x64\debug\gamemanager.obj
d:\projects\frameworkcollider\framework\x64\debug\game.obj
d:\projects\frameworkcollider\framework\x64\debug\fmod.obj
d:\projects\frameworkcollider\framework\x64\debug\devicefont.obj
d:\projects\frameworkcollider\framework\x64\debug\dxutsound.obj
d:\projects\frameworkcollider\framework\x64\debug\boardcontroller.obj
d:\projects\frameworkcollider\framework\x64\debug\collider.obj
d:\projects\frameworkcollider\framework\x64\debug\cmng.obj
d:\projects\frameworkcollider\framework\x64\debug\chessai.obj
d:\projects\frameworkcollider\framework\x64\debug\camera.obj
d:\projects\frameworkcollider\framework\x64\debug\boarduicontroller.obj
d:\projects\frameworkcollider\framework\x64\debug\board.obj
d:\projects\frameworkcollider\framework\x64\debug\bishop.obj
d:\projects\frameworkcollider\framework\x64\debug\bird.obj
d:\projects\frameworkcollider\framework\x64\debug\battleanimation.obj
d:\projects\frameworkcollider\framework\x64\debug\transition.obj
d:\projects\frameworkcollider\framework\x64\debug\basicmaterialevaluator.obj
d:\projects\frameworkcollider\framework\x64\debug\transitionchar.obj
d:\projects\frameworkcollider\framework\x64\debug\boardui.obj
d:\projects\frameworkcollider\framework\x64\debug\sprite.obj
d:\projects\frameworkcollider\framework\x64\debug\sound.obj
d:\projects\frameworkcollider\framework\x64\debug\rook.obj
d:\projects\frameworkcollider\framework\x64\debug\queen.obj
d:\projects\frameworkcollider\framework\x64\debug\player2.obj
d:\projects\frameworkcollider\framework\x64\debug\player.obj
d:\projects\frameworkcollider\framework\x64\debug\piecectrl.obj
d:\projects\frameworkcollider\framework\x64\debug\piece.obj
d:\projects\frameworkcollider\framework\x64\debug\pawn.obj
d:\projects\frameworkcollider\framework\x64\debug\over.obj
d:\projects\frameworkcollider\framework\x64\debug\mysql.obj
d:\projects\frameworkcollider\framework\x64\debug\menu.obj
d:\projects\frameworkcollider\framework\x64\debug\map.obj
d:\projects\frameworkcollider\framework\x64\debug\main.obj
d:\projects\frameworkcollider\framework\x64\debug\logo.obj
d:\projects\frameworkcollider\framework\x64\debug\knight.obj
d:\projects\frameworkcollider\framework\x64\debug\framework.tlog\cl.command.1.tlog
d:\projects\frameworkcollider\framework\x64\debug\framework.tlog\cl.read.1.tlog
d:\projects\frameworkcollider\framework\x64\debug\framework.tlog\cl.write.1.tlog
