c:\study\d3d\framework\framework\debug\vc141.pdb
c:\study\d3d\framework\framework\debug\vc141.idb
c:\study\d3d\framework\framework\debug\target.obj
c:\study\d3d\framework\framework\debug\sprite.obj
c:\study\d3d\framework\framework\debug\sound.obj
c:\study\d3d\framework\framework\debug\over.obj
c:\study\d3d\framework\framework\debug\mysql.obj
c:\study\d3d\framework\framework\debug\monster.obj
c:\study\d3d\framework\framework\debug\menu.obj
c:\study\d3d\framework\framework\debug\map.obj
c:\study\d3d\framework\framework\debug\main.obj
c:\study\d3d\framework\framework\debug\logo.obj
c:\study\d3d\framework\framework\debug\key.obj
c:\study\d3d\framework\framework\debug\gamemanager.obj
c:\study\d3d\framework\framework\debug\game.obj
c:\study\d3d\framework\framework\debug\devicefont.obj
c:\study\d3d\framework\framework\debug\dxutsound.obj
c:\study\d3d\framework\framework\debug\cmng.obj
c:\study\d3d\framework\debug\framework.pdb
c:\study\d3d\framework\framework\debug\framework.tlog\cl.command.1.tlog
c:\study\d3d\framework\framework\debug\framework.tlog\cl.read.1.tlog
c:\study\d3d\framework\framework\debug\framework.tlog\cl.write.1.tlog
c:\study\d3d\framework\framework\debug\framework.tlog\link-cvtres.read.1.tlog
c:\study\d3d\framework\framework\debug\framework.tlog\link-cvtres.write.1.tlog
c:\study\d3d\framework\framework\debug\framework.tlog\link-rc.read.1.tlog
c:\study\d3d\framework\framework\debug\framework.tlog\link-rc.write.1.tlog
c:\study\d3d\framework\framework\debug\framework.tlog\link.command.1.tlog
c:\study\d3d\framework\framework\debug\framework.tlog\link.read.1.tlog
c:\study\d3d\framework\framework\debug\framework.tlog\link.write.1.tlog
